
device at starting_train:  cuda
current acc: tensor(0.6953, device='cuda:0')
/usr/local/lib/python3.7/dist-packages/torch/nn/functional.py:718: UserWarning: Named tensors and all their associated APIs are an experimental feature and subject to change. Please do not use them for anything important until they are released as stable. (Triggered internally at  /pytorch/c10/core/TensorImpl.h:1156.)
  return torch.max_pool2d(input, kernel_size, stride, padding, dilation, ceil_mode)
/content/projects-skeleton-code/networks/StartingNetwork.py:35: UserWarning: Implicit dimension choice for softmax has been deprecated. Change the call to include dim=X as an argument.
  x = F.softmax(x)
current acc: tensor(0.6146, device='cuda:0')
current acc: tensor(0.6222, device='cuda:0')
current acc: tensor(0.6250, device='cuda:0')
current acc: tensor(0.6321, device='cuda:0')
Epoch: 1  Train Loss: 1.2868  Train Acc: 63.3789
Time Elapsed : 95.7700s
device at starting_train:  cuda
current acc: tensor(0.6484, device='cuda:0')
current acc: tensor(0.5977, device='cuda:0')
current acc: tensor(0.6186, device='cuda:0')
current acc: tensor(0.6284, device='cuda:0')
current acc: tensor(0.6265, device='cuda:0')
Epoch: 2  Train Loss: 1.2850  Train Acc: 61.9792  Valid Loss: 1.3130  Valid Acc: 59.1797
Epoch: 2  Train Loss: 1.2850  Train Acc: 61.9792
Time Elapsed : 223.8203s
device at starting_train:  cuda
current acc: tensor(0.7109, device='cuda:0')
current acc: tensor(0.6042, device='cuda:0')
current acc: tensor(0.5980, device='cuda:0')
current acc: tensor(0.6079, device='cuda:0')
current acc: tensor(0.6045, device='cuda:0')
Epoch: 3  Train Loss: 1.2990  Train Acc: 60.5794
Time Elapsed : 320.0702s
device at starting_train:  cuda
current acc: tensor(0.6484, device='cuda:0')
current acc: tensor(0.6055, device='cuda:0')
current acc: tensor(0.6087, device='cuda:0')
current acc: tensor(0.6084, device='cuda:0')
current acc: tensor(0.6142, device='cuda:0')
Epoch: 4  Train Loss: 1.2893  Train Acc: 61.5560  Valid Loss: 1.3355  Valid Acc: 56.9336
Epoch: 4  Train Loss: 1.2893  Train Acc: 61.5560
Time Elapsed : 448.4611s
device at starting_train:  cuda
current acc: tensor(0.6484, device='cuda:0')
current acc: tensor(0.6068, device='cuda:0')
current acc: tensor(0.6136, device='cuda:0')
current acc: tensor(0.6113, device='cuda:0')
current acc: tensor(0.6094, device='cuda:0')
Epoch: 5  Train Loss: 1.2948  Train Acc: 61.0026
Time Elapsed : 544.3496s
device at starting_train:  cuda
current acc: tensor(0.5859, device='cuda:0')
current acc: tensor(0.6081, device='cuda:0')
current acc: tensor(0.6080, device='cuda:0')
current acc: tensor(0.6055, device='cuda:0')
current acc: tensor(0.6150, device='cuda:0')
Epoch: 6  Train Loss: 1.2932  Train Acc: 61.1654  Valid Loss: 1.3023  Valid Acc: 60.2539
Epoch: 6  Train Loss: 1.2932  Train Acc: 61.1654
Time Elapsed : 672.6665s
device at starting_train:  cuda
current acc: tensor(0.5781, device='cuda:0')
current acc: tensor(0.6120, device='cuda:0')
current acc: tensor(0.6072, device='cuda:0')
current acc: tensor(0.6108, device='cuda:0')
current acc: tensor(0.6120, device='cuda:0')
Epoch: 7  Train Loss: 1.2889  Train Acc: 61.5885
Time Elapsed : 768.5030s
device at starting_train:  cuda
current acc: tensor(0.5703, device='cuda:0')
current acc: tensor(0.5664, device='cuda:0')
current acc: tensor(0.5838, device='cuda:0')
current acc: tensor(0.6001, device='cuda:0')
current acc: tensor(0.6112, device='cuda:0')
Epoch: 8  Train Loss: 1.2883  Train Acc: 61.6536  Valid Loss: 1.3023  Valid Acc: 60.2539
Epoch: 8  Train Loss: 1.2883  Train Acc: 61.6536
Time Elapsed : 896.0923s
device at starting_train:  cuda
current acc: tensor(0.6016, device='cuda:0')
current acc: tensor(0.6315, device='cuda:0')
current acc: tensor(0.6179, device='cuda:0')
current acc: tensor(0.6118, device='cuda:0')
current acc: tensor(0.6146, device='cuda:0')
Epoch: 9  Train Loss: 1.2945  Train Acc: 61.0352
Time Elapsed : 992.5813s
device at starting_train:  cuda
current acc: tensor(0.5625, device='cuda:0')
current acc: tensor(0.6120, device='cuda:0')
current acc: tensor(0.6087, device='cuda:0')
current acc: tensor(0.6152, device='cuda:0')
current acc: tensor(0.6179, device='cuda:0')
Epoch: 10  Train Loss: 1.2902  Train Acc: 61.4583  Valid Loss: 1.3189  Valid Acc: 58.5938
Epoch: 10  Train Loss: 1.2902  Train Acc: 61.4583
Time Elapsed : 1121.1487s
device at starting_train:  cuda
current acc: tensor(0.5938, device='cuda:0')
current acc: tensor(0.6445, device='cuda:0')
Traceback (most recent call last):
  File "/usr/local/lib/python3.7/dist-packages/torch/utils/data/dataloader.py", line 521, in __next__
    data = self._next_data()
  File "/usr/local/lib/python3.7/dist-packages/torch/utils/data/dataloader.py", line 561, in _next_data
    data = self._dataset_fetcher.fetch(index)  # may raise StopIteration
  File "/usr/local/lib/python3.7/dist-packages/torch/utils/data/_utils/fetch.py", line 44, in fetch
    data = [self.dataset[idx] for idx in possibly_batched_index]
  File "/usr/local/lib/python3.7/dist-packages/torch/utils/data/_utils/fetch.py", line 44, in <listcomp>
    data = [self.dataset[idx] for idx in possibly_batched_index]
  File "/usr/local/lib/python3.7/dist-packages/torch/utils/data/dataset.py", line 311, in __getitem__
    return self.dataset[self.indices[idx]]
  File "/usr/local/lib/python3.7/dist-packages/torch/utils/data/dataset.py", line 311, in __getitem__
    return self.dataset[self.indices[idx]]
  File "/content/projects-skeleton-code/datasets/StartingDataset.py", line 32, in __getitem__
    statement = self.normalize(statement)#normalize
  File "/usr/local/lib/python3.7/dist-packages/torch/nn/modules/module.py", line 1051, in _call_impl
    return forward_call(*input, **kwargs)
  File "/usr/local/lib/python3.7/dist-packages/torchvision/transforms/transforms.py", line 221, in forward
    return F.normalize(tensor, self.mean, self.std, self.inplace)
  File "/usr/local/lib/python3.7/dist-packages/torchvision/transforms/functional.py", line 335, in normalize
    tensor.sub_(mean).div_(std)
KeyboardInterrupt
During handling of the above exception, another exception occurred:
Traceback (most recent call last):
  File "main.py", line 64, in <module>
    main(config)
  File "main.py", line 49, in main
    num_epochs=config['epochs'],
  File "/content/projects-skeleton-code/train_functions/starting_train.py", line 152, in starting_train
    loss_train, acc_train = train(network, epoch, criterion, optimizer, train_loader)
  File "/content/projects-skeleton-code/train_functions/starting_train.py", line 34, in train
    images , labels = next(iter(trainloader))
  File "/usr/local/lib/python3.7/dist-packages/torch/utils/data/dataloader.py", line 521, in __next__
    data = self._next_data()
KeyboardInterrupt